{"total": {"lines":{"total":407,"covered":122,"skipped":0,"pct":29.98},"statements":{"total":412,"covered":123,"skipped":0,"pct":29.85},"functions":{"total":87,"covered":8,"skipped":0,"pct":9.2},"branches":{"total":47,"covered":2,"skipped":0,"pct":4.26}}
,"G:\\egg-example\\app.js": {"lines":{"total":16,"covered":2,"skipped":0,"pct":12.5},"functions":{"total":9,"covered":1,"skipped":0,"pct":11.11},"statements":{"total":16,"covered":2,"skipped":0,"pct":12.5},"branches":{"total":0,"covered":0,"skipped":0,"pct":100}}
,"G:\\egg-example\\app\\router.js": {"lines":{"total":29,"covered":29,"skipped":0,"pct":100},"functions":{"total":1,"covered":1,"skipped":0,"pct":100},"statements":{"total":29,"covered":29,"skipped":0,"pct":100},"branches":{"total":0,"covered":0,"skipped":0,"pct":100}}
,"G:\\egg-example\\app\\controller\\blogs.js": {"lines":{"total":48,"covered":2,"skipped":0,"pct":4.17},"functions":{"total":9,"covered":0,"skipped":0,"pct":0},"statements":{"total":48,"covered":2,"skipped":0,"pct":4.17},"branches":{"total":2,"covered":0,"skipped":0,"pct":0}}
,"G:\\egg-example\\app\\controller\\category.js": {"lines":{"total":24,"covered":2,"skipped":0,"pct":8.33},"functions":{"total":5,"covered":0,"skipped":0,"pct":0},"statements":{"total":24,"covered":2,"skipped":0,"pct":8.33},"branches":{"total":0,"covered":0,"skipped":0,"pct":100}}
,"G:\\egg-example\\app\\controller\\cookie.js": {"lines":{"total":10,"covered":2,"skipped":0,"pct":20},"functions":{"total":2,"covered":0,"skipped":0,"pct":0},"statements":{"total":10,"covered":2,"skipped":0,"pct":20},"branches":{"total":2,"covered":0,"skipped":0,"pct":0}}
,"G:\\egg-example\\app\\controller\\form.js": {"lines":{"total":4,"covered":2,"skipped":0,"pct":50},"functions":{"total":2,"covered":0,"skipped":0,"pct":0},"statements":{"total":4,"covered":2,"skipped":0,"pct":50},"branches":{"total":0,"covered":0,"skipped":0,"pct":100}}
,"G:\\egg-example\\app\\controller\\home.js": {"lines":{"total":3,"covered":2,"skipped":0,"pct":66.67},"functions":{"total":1,"covered":0,"skipped":0,"pct":0},"statements":{"total":3,"covered":2,"skipped":0,"pct":66.67},"branches":{"total":0,"covered":0,"skipped":0,"pct":100}}
,"G:\\egg-example\\app\\controller\\news.js": {"lines":{"total":4,"covered":2,"skipped":0,"pct":50},"functions":{"total":1,"covered":0,"skipped":0,"pct":0},"statements":{"total":4,"covered":2,"skipped":0,"pct":50},"branches":{"total":0,"covered":0,"skipped":0,"pct":100}}
,"G:\\egg-example\\app\\controller\\proxy.js": {"lines":{"total":7,"covered":2,"skipped":0,"pct":28.57},"functions":{"total":1,"covered":0,"skipped":0,"pct":0},"statements":{"total":7,"covered":2,"skipped":0,"pct":28.57},"branches":{"total":0,"covered":0,"skipped":0,"pct":100}}
,"G:\\egg-example\\app\\controller\\search.js": {"lines":{"total":6,"covered":1,"skipped":0,"pct":16.67},"functions":{"total":1,"covered":0,"skipped":0,"pct":0},"statements":{"total":6,"covered":1,"skipped":0,"pct":16.67},"branches":{"total":4,"covered":0,"skipped":0,"pct":0}}
,"G:\\egg-example\\app\\controller\\session.js": {"lines":{"total":4,"covered":2,"skipped":0,"pct":50},"functions":{"total":1,"covered":0,"skipped":0,"pct":0},"statements":{"total":4,"covered":2,"skipped":0,"pct":50},"branches":{"total":0,"covered":0,"skipped":0,"pct":100}}
,"G:\\egg-example\\app\\controller\\upload.js": {"lines":{"total":25,"covered":4,"skipped":0,"pct":16},"functions":{"total":2,"covered":0,"skipped":0,"pct":0},"statements":{"total":25,"covered":4,"skipped":0,"pct":16},"branches":{"total":0,"covered":0,"skipped":0,"pct":100}}
,"G:\\egg-example\\app\\controller\\uploader.js": {"lines":{"total":50,"covered":8,"skipped":0,"pct":16},"functions":{"total":2,"covered":0,"skipped":0,"pct":0},"statements":{"total":50,"covered":8,"skipped":0,"pct":16},"branches":{"total":6,"covered":0,"skipped":0,"pct":0}}
,"G:\\egg-example\\app\\controller\\user.js": {"lines":{"total":29,"covered":3,"skipped":0,"pct":10.34},"functions":{"total":4,"covered":0,"skipped":0,"pct":0},"statements":{"total":29,"covered":3,"skipped":0,"pct":10.34},"branches":{"total":2,"covered":0,"skipped":0,"pct":0}}
,"G:\\egg-example\\app\\controller\\view.js": {"lines":{"total":10,"covered":5,"skipped":0,"pct":50},"functions":{"total":5,"covered":0,"skipped":0,"pct":0},"statements":{"total":10,"covered":5,"skipped":0,"pct":50},"branches":{"total":0,"covered":0,"skipped":0,"pct":100}}
,"G:\\egg-example\\app\\core\\base_controller.js": {"lines":{"total":6,"covered":2,"skipped":0,"pct":33.33},"functions":{"total":3,"covered":0,"skipped":0,"pct":0},"statements":{"total":6,"covered":2,"skipped":0,"pct":33.33},"branches":{"total":2,"covered":0,"skipped":0,"pct":0}}
,"G:\\egg-example\\app\\extend\\application.js": {"lines":{"total":5,"covered":2,"skipped":0,"pct":40},"functions":{"total":2,"covered":0,"skipped":0,"pct":0},"statements":{"total":5,"covered":2,"skipped":0,"pct":40},"branches":{"total":2,"covered":0,"skipped":0,"pct":0}}
,"G:\\egg-example\\app\\extend\\context.js": {"lines":{"total":5,"covered":2,"skipped":0,"pct":40},"functions":{"total":2,"covered":0,"skipped":0,"pct":0},"statements":{"total":5,"covered":2,"skipped":0,"pct":40},"branches":{"total":2,"covered":0,"skipped":0,"pct":0}}
,"G:\\egg-example\\app\\extend\\helper.js": {"lines":{"total":3,"covered":2,"skipped":0,"pct":66.67},"functions":{"total":1,"covered":0,"skipped":0,"pct":0},"statements":{"total":3,"covered":2,"skipped":0,"pct":66.67},"branches":{"total":0,"covered":0,"skipped":0,"pct":100}}
,"G:\\egg-example\\app\\extend\\request.js": {"lines":{"total":2,"covered":1,"skipped":0,"pct":50},"functions":{"total":1,"covered":0,"skipped":0,"pct":0},"statements":{"total":2,"covered":1,"skipped":0,"pct":50},"branches":{"total":0,"covered":0,"skipped":0,"pct":100}}
,"G:\\egg-example\\app\\extend\\response.js": {"lines":{"total":2,"covered":1,"skipped":0,"pct":50},"functions":{"total":1,"covered":0,"skipped":0,"pct":0},"statements":{"total":2,"covered":1,"skipped":0,"pct":50},"branches":{"total":0,"covered":0,"skipped":0,"pct":100}}
,"G:\\egg-example\\app\\middleware\\gzip.js": {"lines":{"total":13,"covered":4,"skipped":0,"pct":30.77},"functions":{"total":2,"covered":1,"skipped":0,"pct":50},"statements":{"total":16,"covered":4,"skipped":0,"pct":25},"branches":{"total":8,"covered":0,"skipped":0,"pct":0}}
,"G:\\egg-example\\app\\middleware\\lowercase.js": {"lines":{"total":4,"covered":2,"skipped":0,"pct":50},"functions":{"total":2,"covered":1,"skipped":0,"pct":50},"statements":{"total":4,"covered":2,"skipped":0,"pct":50},"branches":{"total":2,"covered":0,"skipped":0,"pct":0}}
,"G:\\egg-example\\app\\middleware\\report.js": {"lines":{"total":5,"covered":1,"skipped":0,"pct":20},"functions":{"total":2,"covered":0,"skipped":0,"pct":0},"statements":{"total":5,"covered":1,"skipped":0,"pct":20},"branches":{"total":0,"covered":0,"skipped":0,"pct":100}}
,"G:\\egg-example\\app\\middleware\\robot.js": {"lines":{"total":8,"covered":7,"skipped":0,"pct":87.5},"functions":{"total":3,"covered":3,"skipped":0,"pct":100},"statements":{"total":9,"covered":8,"skipped":0,"pct":88.89},"branches":{"total":4,"covered":2,"skipped":0,"pct":50}}
,"G:\\egg-example\\app\\middleware\\uppercase.js": {"lines":{"total":4,"covered":2,"skipped":0,"pct":50},"functions":{"total":2,"covered":1,"skipped":0,"pct":50},"statements":{"total":4,"covered":2,"skipped":0,"pct":50},"branches":{"total":2,"covered":0,"skipped":0,"pct":0}}
,"G:\\egg-example\\app\\service\\blogs.js": {"lines":{"total":28,"covered":2,"skipped":0,"pct":7.14},"functions":{"total":7,"covered":0,"skipped":0,"pct":0},"statements":{"total":28,"covered":2,"skipped":0,"pct":7.14},"branches":{"total":8,"covered":0,"skipped":0,"pct":0}}
,"G:\\egg-example\\app\\service\\category.js": {"lines":{"total":14,"covered":2,"skipped":0,"pct":14.29},"functions":{"total":6,"covered":0,"skipped":0,"pct":0},"statements":{"total":14,"covered":2,"skipped":0,"pct":14.29},"branches":{"total":0,"covered":0,"skipped":0,"pct":100}}
,"G:\\egg-example\\app\\service\\news.js": {"lines":{"total":8,"covered":2,"skipped":0,"pct":25},"functions":{"total":3,"covered":0,"skipped":0,"pct":0},"statements":{"total":9,"covered":2,"skipped":0,"pct":22.22},"branches":{"total":1,"covered":0,"skipped":0,"pct":0}}
,"G:\\egg-example\\app\\service\\some.js": {"lines":{"total":3,"covered":2,"skipped":0,"pct":66.67},"functions":{"total":1,"covered":0,"skipped":0,"pct":0},"statements":{"total":3,"covered":2,"skipped":0,"pct":66.67},"branches":{"total":0,"covered":0,"skipped":0,"pct":100}}
,"G:\\egg-example\\app\\service\\user.js": {"lines":{"total":10,"covered":2,"skipped":0,"pct":20},"functions":{"total":3,"covered":0,"skipped":0,"pct":0},"statements":{"total":10,"covered":2,"skipped":0,"pct":20},"branches":{"total":0,"covered":0,"skipped":0,"pct":100}}
,"G:\\egg-example\\config\\config.default.js": {"lines":{"total":13,"covered":13,"skipped":0,"pct":100},"functions":{"total":0,"covered":0,"skipped":0,"pct":100},"statements":{"total":13,"covered":13,"skipped":0,"pct":100},"branches":{"total":0,"covered":0,"skipped":0,"pct":100}}
,"G:\\egg-example\\config\\config.unittest.js": {"lines":{"total":0,"covered":0,"skipped":0,"pct":100},"functions":{"total":0,"covered":0,"skipped":0,"pct":100},"statements":{"total":0,"covered":0,"skipped":0,"pct":100},"branches":{"total":0,"covered":0,"skipped":0,"pct":100}}
,"G:\\egg-example\\config\\plugin.js": {"lines":{"total":5,"covered":5,"skipped":0,"pct":100},"functions":{"total":0,"covered":0,"skipped":0,"pct":100},"statements":{"total":5,"covered":5,"skipped":0,"pct":100},"branches":{"total":0,"covered":0,"skipped":0,"pct":100}}
}
