{"G:\\egg-example\\app.js": {"path":"G:\\egg-example\\app.js","statementMap":{"0":{"start":{"line":2,"column":0},"end":{"line":16,"column":2}},"1":{"start":{"line":7,"column":2},"end":{"line":13,"column":5}},"2":{"start":{"line":8,"column":3},"end":{"line":12,"column":4}},"3":{"start":{"line":9,"column":4},"end":{"line":9,"column":22}},"4":{"start":{"line":11,"column":4},"end":{"line":11,"column":33}},"5":{"start":{"line":20,"column":4},"end":{"line":20,"column":19}},"6":{"start":{"line":29,"column":4},"end":{"line":29,"column":77}},"7":{"start":{"line":31,"column":22},"end":{"line":31,"column":70}},"8":{"start":{"line":32,"column":4},"end":{"line":32,"column":69}},"9":{"start":{"line":40,"column":4},"end":{"line":40,"column":54}},"10":{"start":{"line":41,"column":4},"end":{"line":41,"column":32}},"11":{"start":{"line":44,"column":4},"end":{"line":46,"column":7}},"12":{"start":{"line":54,"column":4},"end":{"line":54,"column":69}},"13":{"start":{"line":60,"column":16},"end":{"line":60,"column":55}},"14":{"start":{"line":61,"column":4},"end":{"line":61,"column":36}},"15":{"start":{"line":67,"column":4},"end":{"line":69,"column":7}}},"fnMap":{"0":{"name":"(anonymous_0)","decl":{"start":{"line":2,"column":17},"end":{"line":2,"column":18}},"loc":{"start":{"line":2,"column":24},"end":{"line":16,"column":1}},"line":2},"1":{"name":"(anonymous_1)","decl":{"start":{"line":7,"column":32},"end":{"line":7,"column":33}},"loc":{"start":{"line":7,"column":49},"end":{"line":13,"column":3}},"line":7},"2":{"name":"(anonymous_2)","decl":{"start":{"line":19,"column":2},"end":{"line":19,"column":3}},"loc":{"start":{"line":19,"column":19},"end":{"line":21,"column":3}},"line":19},"3":{"name":"(anonymous_3)","decl":{"start":{"line":23,"column":2},"end":{"line":23,"column":3}},"loc":{"start":{"line":23,"column":19},"end":{"line":33,"column":3}},"line":23},"4":{"name":"(anonymous_4)","decl":{"start":{"line":35,"column":2},"end":{"line":35,"column":3}},"loc":{"start":{"line":35,"column":18},"end":{"line":47,"column":3}},"line":35},"5":{"name":"(anonymous_5)","decl":{"start":{"line":49,"column":2},"end":{"line":49,"column":3}},"loc":{"start":{"line":49,"column":20},"end":{"line":55,"column":3}},"line":49},"6":{"name":"(anonymous_6)","decl":{"start":{"line":57,"column":2},"end":{"line":57,"column":3}},"loc":{"start":{"line":57,"column":19},"end":{"line":62,"column":3}},"line":57},"7":{"name":"(anonymous_7)","decl":{"start":{"line":64,"column":2},"end":{"line":64,"column":3}},"loc":{"start":{"line":64,"column":25},"end":{"line":70,"column":3}},"line":64},"8":{"name":"(anonymous_8)","decl":{"start":{"line":67,"column":34},"end":{"line":67,"column":35}},"loc":{"start":{"line":67,"column":44},"end":{"line":69,"column":5}},"line":67}},"branchMap":{},"s":{"0":1,"1":1,"2":0,"3":0,"4":0,"5":0,"6":0,"7":0,"8":0,"9":0,"10":0,"11":0,"12":0,"13":0,"14":0,"15":0},"f":{"0":1,"1":0,"2":0,"3":0,"4":0,"5":0,"6":0,"7":0,"8":0},"b":{},"_coverageSchema":"43e27e138ebf9cfc5966b082cf9a028302ed4184","hash":"766535344f45493827182522a95dbaec5e872eed","contentHash":"5b63e94cf35177844ac3df28b266d9c0ded4de1c0fabd3037149b791eb963a0b"}
,"G:\\egg-example\\app\\router.js": {"path":"G:\\egg-example\\app\\router.js","statementMap":{"0":{"start":{"line":2,"column":0},"end":{"line":40,"column":2}},"1":{"start":{"line":4,"column":33},"end":{"line":4,"column":36}},"2":{"start":{"line":5,"column":15},"end":{"line":5,"column":49}},"3":{"start":{"line":6,"column":16},"end":{"line":6,"column":27}},"4":{"start":{"line":8,"column":2},"end":{"line":8,"column":48}},"5":{"start":{"line":9,"column":2},"end":{"line":9,"column":38}},"6":{"start":{"line":10,"column":2},"end":{"line":10,"column":44}},"7":{"start":{"line":11,"column":2},"end":{"line":11,"column":48}},"8":{"start":{"line":12,"column":2},"end":{"line":12,"column":56}},"9":{"start":{"line":13,"column":2},"end":{"line":13,"column":70}},"10":{"start":{"line":14,"column":2},"end":{"line":14,"column":65}},"11":{"start":{"line":15,"column":2},"end":{"line":15,"column":80}},"12":{"start":{"line":16,"column":2},"end":{"line":16,"column":61}},"13":{"start":{"line":17,"column":2},"end":{"line":17,"column":59}},"14":{"start":{"line":23,"column":2},"end":{"line":23,"column":56}},"15":{"start":{"line":24,"column":2},"end":{"line":24,"column":61}},"16":{"start":{"line":25,"column":2},"end":{"line":25,"column":117}},"17":{"start":{"line":26,"column":2},"end":{"line":26,"column":55}},"18":{"start":{"line":27,"column":2},"end":{"line":27,"column":54}},"19":{"start":{"line":28,"column":2},"end":{"line":28,"column":60}},"20":{"start":{"line":29,"column":2},"end":{"line":29,"column":59}},"21":{"start":{"line":30,"column":2},"end":{"line":30,"column":64}},"22":{"start":{"line":31,"column":2},"end":{"line":31,"column":65}},"23":{"start":{"line":33,"column":2},"end":{"line":33,"column":58}},"24":{"start":{"line":34,"column":2},"end":{"line":34,"column":64}},"25":{"start":{"line":36,"column":2},"end":{"line":36,"column":65}},"26":{"start":{"line":37,"column":2},"end":{"line":37,"column":57}},"27":{"start":{"line":38,"column":2},"end":{"line":38,"column":51}},"28":{"start":{"line":39,"column":2},"end":{"line":39,"column":57}}},"fnMap":{"0":{"name":"(anonymous_0)","decl":{"start":{"line":2,"column":17},"end":{"line":2,"column":18}},"loc":{"start":{"line":2,"column":24},"end":{"line":40,"column":1}},"line":2}},"branchMap":{},"s":{"0":1,"1":1,"2":1,"3":1,"4":1,"5":1,"6":1,"7":1,"8":1,"9":1,"10":1,"11":1,"12":1,"13":1,"14":1,"15":1,"16":1,"17":1,"18":1,"19":1,"20":1,"21":1,"22":1,"23":1,"24":1,"25":1,"26":1,"27":1,"28":1},"f":{"0":1},"b":{},"_coverageSchema":"43e27e138ebf9cfc5966b082cf9a028302ed4184","hash":"65374356a544f8eefb88b42790b71e48602f94e9","contentHash":"22320fb325a65f8b46a76f4ef18ae562a7497b3945e6895a94eb2ac2d02f86f9"}
,"G:\\egg-example\\app\\controller\\blogs.js": {"path":"G:\\egg-example\\app\\controller\\blogs.js","statementMap":{"0":{"start":{"line":4,"column":19},"end":{"line":4,"column":53}},"1":{"start":{"line":10,"column":16},"end":{"line":10,"column":24}},"2":{"start":{"line":11,"column":18},"end":{"line":11,"column":51}},"3":{"start":{"line":12,"column":4},"end":{"line":12,"column":21}},"4":{"start":{"line":16,"column":15},"end":{"line":16,"column":23}},"5":{"start":{"line":21,"column":4},"end":{"line":21,"column":42}},"6":{"start":{"line":25,"column":16},"end":{"line":25,"column":24}},"7":{"start":{"line":28,"column":23},"end":{"line":39,"column":5}},"8":{"start":{"line":43,"column":4},"end":{"line":43,"column":29}},"9":{"start":{"line":45,"column":18},"end":{"line":45,"column":40}},"10":{"start":{"line":46,"column":20},"end":{"line":46,"column":44}},"11":{"start":{"line":47,"column":4},"end":{"line":47,"column":23}},"12":{"start":{"line":48,"column":4},"end":{"line":48,"column":25}},"13":{"start":{"line":49,"column":20},"end":{"line":49,"column":23}},"14":{"start":{"line":51,"column":16},"end":{"line":51,"column":57}},"15":{"start":{"line":52,"column":16},"end":{"line":52,"column":51}},"16":{"start":{"line":53,"column":4},"end":{"line":53,"column":27}},"17":{"start":{"line":54,"column":4},"end":{"line":54,"column":21}},"18":{"start":{"line":58,"column":16},"end":{"line":58,"column":24}},"19":{"start":{"line":59,"column":15},"end":{"line":59,"column":28}},"20":{"start":{"line":60,"column":18},"end":{"line":60,"column":28}},"21":{"start":{"line":61,"column":17},"end":{"line":61,"column":49}},"22":{"start":{"line":62,"column":17},"end":{"line":62,"column":35}},"23":{"start":{"line":64,"column":4},"end":{"line":64,"column":51}},"24":{"start":{"line":65,"column":4},"end":{"line":65,"column":20}},"25":{"start":{"line":69,"column":16},"end":{"line":69,"column":24}},"26":{"start":{"line":70,"column":15},"end":{"line":70,"column":28}},"27":{"start":{"line":71,"column":17},"end":{"line":71,"column":49}},"28":{"start":{"line":72,"column":4},"end":{"line":72,"column":49}},"29":{"start":{"line":76,"column":16},"end":{"line":76,"column":24}},"30":{"start":{"line":77,"column":15},"end":{"line":77,"column":28}},"31":{"start":{"line":78,"column":18},"end":{"line":78,"column":40}},"32":{"start":{"line":79,"column":20},"end":{"line":79,"column":44}},"33":{"start":{"line":82,"column":19},"end":{"line":82,"column":67}},"34":{"start":{"line":83,"column":4},"end":{"line":83,"column":22}},"35":{"start":{"line":87,"column":16},"end":{"line":87,"column":24}},"36":{"start":{"line":88,"column":15},"end":{"line":88,"column":28}},"37":{"start":{"line":89,"column":19},"end":{"line":89,"column":54}},"38":{"start":{"line":90,"column":4},"end":{"line":90,"column":22}},"39":{"start":{"line":94,"column":18},"end":{"line":94,"column":64}},"40":{"start":{"line":95,"column":4},"end":{"line":95,"column":24}},"41":{"start":{"line":99,"column":16},"end":{"line":99,"column":24}},"42":{"start":{"line":101,"column":19},"end":{"line":101,"column":37}},"43":{"start":{"line":102,"column":4},"end":{"line":102,"column":24}},"44":{"start":{"line":103,"column":18},"end":{"line":103,"column":65}},"45":{"start":{"line":105,"column":4},"end":{"line":105,"column":74}},"46":{"start":{"line":106,"column":4},"end":{"line":109,"column":6}},"47":{"start":{"line":114,"column":0},"end":{"line":114,"column":32}}},"fnMap":{"0":{"name":"(anonymous_0)","decl":{"start":{"line":8,"column":2},"end":{"line":8,"column":3}},"loc":{"start":{"line":8,"column":16},"end":{"line":13,"column":3}},"line":8},"1":{"name":"(anonymous_1)","decl":{"start":{"line":15,"column":2},"end":{"line":15,"column":3}},"loc":{"start":{"line":15,"column":14},"end":{"line":22,"column":3}},"line":15},"2":{"name":"(anonymous_2)","decl":{"start":{"line":24,"column":2},"end":{"line":24,"column":3}},"loc":{"start":{"line":24,"column":17},"end":{"line":55,"column":3}},"line":24},"3":{"name":"(anonymous_3)","decl":{"start":{"line":57,"column":2},"end":{"line":57,"column":3}},"loc":{"start":{"line":57,"column":15},"end":{"line":66,"column":3}},"line":57},"4":{"name":"(anonymous_4)","decl":{"start":{"line":68,"column":2},"end":{"line":68,"column":3}},"loc":{"start":{"line":68,"column":15},"end":{"line":73,"column":3}},"line":68},"5":{"name":"(anonymous_5)","decl":{"start":{"line":75,"column":2},"end":{"line":75,"column":3}},"loc":{"start":{"line":75,"column":17},"end":{"line":84,"column":3}},"line":75},"6":{"name":"(anonymous_6)","decl":{"start":{"line":86,"column":2},"end":{"line":86,"column":3}},"loc":{"start":{"line":86,"column":19},"end":{"line":91,"column":3}},"line":86},"7":{"name":"(anonymous_7)","decl":{"start":{"line":93,"column":2},"end":{"line":93,"column":3}},"loc":{"start":{"line":93,"column":15},"end":{"line":96,"column":3}},"line":93},"8":{"name":"(anonymous_8)","decl":{"start":{"line":98,"column":2},"end":{"line":98,"column":3}},"loc":{"start":{"line":98,"column":21},"end":{"line":110,"column":1}},"line":98}},"branchMap":{"0":{"loc":{"start":{"line":105,"column":26},"end":{"line":105,"column":73}},"type":"cond-expr","locations":[{"start":{"line":105,"column":48},"end":{"line":105,"column":69}},{"start":{"line":105,"column":72},"end":{"line":105,"column":73}}],"line":105}},"s":{"0":1,"1":0,"2":0,"3":0,"4":0,"5":0,"6":0,"7":0,"8":0,"9":0,"10":0,"11":0,"12":0,"13":0,"14":0,"15":0,"16":0,"17":0,"18":0,"19":0,"20":0,"21":0,"22":0,"23":0,"24":0,"25":0,"26":0,"27":0,"28":0,"29":0,"30":0,"31":0,"32":0,"33":0,"34":0,"35":0,"36":0,"37":0,"38":0,"39":0,"40":0,"41":0,"42":0,"43":0,"44":0,"45":0,"46":0,"47":1},"f":{"0":0,"1":0,"2":0,"3":0,"4":0,"5":0,"6":0,"7":0,"8":0},"b":{"0":[0,0]},"_coverageSchema":"43e27e138ebf9cfc5966b082cf9a028302ed4184","hash":"741db9318e97eb0e35fbae7bfdf4124a8b08876e","contentHash":"54579c77d34ee19356dafa37d70ef57cccc87e5e232c782bfd1b68d9d789c770"}
,"G:\\egg-example\\app\\controller\\category.js": {"path":"G:\\egg-example\\app\\controller\\category.js","statementMap":{"0":{"start":{"line":2,"column":19},"end":{"line":2,"column":44}},"1":{"start":{"line":7,"column":16},"end":{"line":7,"column":24}},"2":{"start":{"line":8,"column":17},"end":{"line":8,"column":32}},"3":{"start":{"line":9,"column":20},"end":{"line":9,"column":38}},"4":{"start":{"line":10,"column":19},"end":{"line":10,"column":63}},"5":{"start":{"line":11,"column":4},"end":{"line":11,"column":22}},"6":{"start":{"line":15,"column":16},"end":{"line":15,"column":24}},"7":{"start":{"line":16,"column":15},"end":{"line":16,"column":28}},"8":{"start":{"line":17,"column":19},"end":{"line":17,"column":56}},"9":{"start":{"line":18,"column":4},"end":{"line":18,"column":22}},"10":{"start":{"line":22,"column":16},"end":{"line":22,"column":24}},"11":{"start":{"line":23,"column":15},"end":{"line":23,"column":28}},"12":{"start":{"line":24,"column":17},"end":{"line":24,"column":32}},"13":{"start":{"line":25,"column":20},"end":{"line":25,"column":38}},"14":{"start":{"line":26,"column":19},"end":{"line":26,"column":69}},"15":{"start":{"line":27,"column":4},"end":{"line":27,"column":22}},"16":{"start":{"line":31,"column":16},"end":{"line":31,"column":24}},"17":{"start":{"line":32,"column":15},"end":{"line":32,"column":28}},"18":{"start":{"line":33,"column":19},"end":{"line":33,"column":54}},"19":{"start":{"line":34,"column":4},"end":{"line":34,"column":22}},"20":{"start":{"line":38,"column":16},"end":{"line":38,"column":24}},"21":{"start":{"line":39,"column":20},"end":{"line":39,"column":56}},"22":{"start":{"line":40,"column":4},"end":{"line":40,"column":23}},"23":{"start":{"line":44,"column":0},"end":{"line":44,"column":36}}},"fnMap":{"0":{"name":"(anonymous_0)","decl":{"start":{"line":6,"column":2},"end":{"line":6,"column":3}},"loc":{"start":{"line":6,"column":14},"end":{"line":12,"column":3}},"line":6},"1":{"name":"(anonymous_1)","decl":{"start":{"line":14,"column":2},"end":{"line":14,"column":3}},"loc":{"start":{"line":14,"column":17},"end":{"line":19,"column":3}},"line":14},"2":{"name":"(anonymous_2)","decl":{"start":{"line":21,"column":2},"end":{"line":21,"column":3}},"loc":{"start":{"line":21,"column":17},"end":{"line":28,"column":3}},"line":21},"3":{"name":"(anonymous_3)","decl":{"start":{"line":30,"column":2},"end":{"line":30,"column":3}},"loc":{"start":{"line":30,"column":15},"end":{"line":35,"column":3}},"line":30},"4":{"name":"(anonymous_4)","decl":{"start":{"line":37,"column":2},"end":{"line":37,"column":3}},"loc":{"start":{"line":37,"column":18},"end":{"line":41,"column":3}},"line":37}},"branchMap":{},"s":{"0":1,"1":0,"2":0,"3":0,"4":0,"5":0,"6":0,"7":0,"8":0,"9":0,"10":0,"11":0,"12":0,"13":0,"14":0,"15":0,"16":0,"17":0,"18":0,"19":0,"20":0,"21":0,"22":0,"23":1},"f":{"0":0,"1":0,"2":0,"3":0,"4":0},"b":{},"_coverageSchema":"43e27e138ebf9cfc5966b082cf9a028302ed4184","hash":"a510829f8b3e856c5130e9e51b620846d19d1067","contentHash":"ca1d590d3ef3ec922e106bdf79e6abe7361c150d4b1882b0ebd09e6b073c997c"}
,"G:\\egg-example\\app\\controller\\cookie.js": {"path":"G:\\egg-example\\app\\controller\\cookie.js","statementMap":{"0":{"start":{"line":1,"column":19},"end":{"line":1,"column":44}},"1":{"start":{"line":6,"column":16},"end":{"line":6,"column":24}},"2":{"start":{"line":7,"column":16},"end":{"line":7,"column":40}},"3":{"start":{"line":8,"column":4},"end":{"line":8,"column":38}},"4":{"start":{"line":9,"column":4},"end":{"line":9,"column":38}},"5":{"start":{"line":10,"column":4},"end":{"line":10,"column":21}},"6":{"start":{"line":14,"column":16},"end":{"line":14,"column":24}},"7":{"start":{"line":15,"column":18},"end":{"line":15,"column":48}},"8":{"start":{"line":16,"column":4},"end":{"line":16,"column":21}},"9":{"start":{"line":20,"column":0},"end":{"line":20,"column":34}}},"fnMap":{"0":{"name":"(anonymous_0)","decl":{"start":{"line":5,"column":2},"end":{"line":5,"column":3}},"loc":{"start":{"line":5,"column":14},"end":{"line":11,"column":3}},"line":5},"1":{"name":"(anonymous_1)","decl":{"start":{"line":13,"column":2},"end":{"line":13,"column":3}},"loc":{"start":{"line":13,"column":17},"end":{"line":17,"column":3}},"line":13}},"branchMap":{"0":{"loc":{"start":{"line":8,"column":12},"end":{"line":8,"column":37}},"type":"cond-expr","locations":[{"start":{"line":8,"column":20},"end":{"line":8,"column":33}},{"start":{"line":8,"column":36},"end":{"line":8,"column":37}}],"line":8}},"s":{"0":1,"1":0,"2":0,"3":0,"4":0,"5":0,"6":0,"7":0,"8":0,"9":1},"f":{"0":0,"1":0},"b":{"0":[0,0]},"_coverageSchema":"43e27e138ebf9cfc5966b082cf9a028302ed4184","hash":"f3130dbb645c56d58e5f344cab2cfddf186e9ec2","contentHash":"0ae4e5edcd511150fa10f3e8eef4f691b190c8b8d8453e8420ffd94d51a83f6d"}
,"G:\\egg-example\\app\\controller\\form.js": {"path":"G:\\egg-example\\app\\controller\\form.js","statementMap":{"0":{"start":{"line":2,"column":0},"end":{"line":4,"column":2}},"1":{"start":{"line":3,"column":2},"end":{"line":3,"column":57}},"2":{"start":{"line":6,"column":0},"end":{"line":8,"column":2}},"3":{"start":{"line":7,"column":1},"end":{"line":7,"column":32}}},"fnMap":{"0":{"name":"(anonymous_0)","decl":{"start":{"line":2,"column":15},"end":{"line":2,"column":16}},"loc":{"start":{"line":2,"column":28},"end":{"line":4,"column":1}},"line":2},"1":{"name":"(anonymous_1)","decl":{"start":{"line":6,"column":16},"end":{"line":6,"column":17}},"loc":{"start":{"line":6,"column":29},"end":{"line":8,"column":1}},"line":6}},"branchMap":{},"s":{"0":1,"1":0,"2":1,"3":0},"f":{"0":0,"1":0},"b":{},"_coverageSchema":"43e27e138ebf9cfc5966b082cf9a028302ed4184","hash":"196d1b38b59f1893225f9a858d51199a63d59e9c","contentHash":"a9e2e7d35ac88aad30d4a3c4bda3ababdb383abbaf3aa675e29b55bdfcf33150"}
,"G:\\egg-example\\app\\controller\\home.js": {"path":"G:\\egg-example\\app\\controller\\home.js","statementMap":{"0":{"start":{"line":2,"column":19},"end":{"line":2,"column":44}},"1":{"start":{"line":6,"column":4},"end":{"line":6,"column":40}},"2":{"start":{"line":11,"column":0},"end":{"line":11,"column":32}}},"fnMap":{"0":{"name":"(anonymous_0)","decl":{"start":{"line":5,"column":2},"end":{"line":5,"column":3}},"loc":{"start":{"line":5,"column":16},"end":{"line":8,"column":3}},"line":5}},"branchMap":{},"s":{"0":1,"1":0,"2":1},"f":{"0":0},"b":{},"_coverageSchema":"43e27e138ebf9cfc5966b082cf9a028302ed4184","hash":"3f9c72d3d15f97a4828a9449f8373184daf4842d","contentHash":"9a1dcdb4260cea1bea96beac04e06e53ffd99589564d9f0c8caf78d8bd687c91"}
,"G:\\egg-example\\app\\controller\\news.js": {"path":"G:\\egg-example\\app\\controller\\news.js","statementMap":{"0":{"start":{"line":2,"column":19},"end":{"line":2,"column":44}},"1":{"start":{"line":6,"column":21},"end":{"line":11,"column":5}},"2":{"start":{"line":12,"column":4},"end":{"line":12,"column":53}},"3":{"start":{"line":20,"column":0},"end":{"line":20,"column":32}}},"fnMap":{"0":{"name":"(anonymous_0)","decl":{"start":{"line":5,"column":2},"end":{"line":5,"column":3}},"loc":{"start":{"line":5,"column":15},"end":{"line":17,"column":3}},"line":5}},"branchMap":{},"s":{"0":1,"1":0,"2":0,"3":1},"f":{"0":0},"b":{},"_coverageSchema":"43e27e138ebf9cfc5966b082cf9a028302ed4184","hash":"606388070a47aca0ec6943db1e3feb2b3c1bc067","contentHash":"072a0068d823de43f1659161e9efa6123ff4dfcbd26fc54f52c209ac23885a4d"}
,"G:\\egg-example\\app\\controller\\proxy.js": {"path":"G:\\egg-example\\app\\controller\\proxy.js","statementMap":{"0":{"start":{"line":2,"column":19},"end":{"line":2,"column":44}},"1":{"start":{"line":6,"column":16},"end":{"line":6,"column":24}},"2":{"start":{"line":7,"column":14},"end":{"line":7,"column":81}},"3":{"start":{"line":8,"column":19},"end":{"line":10,"column":6}},"4":{"start":{"line":11,"column":4},"end":{"line":11,"column":27}},"5":{"start":{"line":13,"column":4},"end":{"line":13,"column":26}},"6":{"start":{"line":17,"column":0},"end":{"line":17,"column":33}}},"fnMap":{"0":{"name":"(anonymous_0)","decl":{"start":{"line":5,"column":2},"end":{"line":5,"column":3}},"loc":{"start":{"line":5,"column":16},"end":{"line":14,"column":3}},"line":5}},"branchMap":{},"s":{"0":1,"1":0,"2":0,"3":0,"4":0,"5":0,"6":1},"f":{"0":0},"b":{},"_coverageSchema":"43e27e138ebf9cfc5966b082cf9a028302ed4184","hash":"f17982344ad3c67896f44fcfc2c2ac0fbcc05ca9","contentHash":"4fb9d8832f3b2af24d5d8c40847e9af9192cf005963a7b29e8d542bd0b2f942c"}
,"G:\\egg-example\\app\\controller\\search.js": {"path":"G:\\egg-example\\app\\controller\\search.js","statementMap":{"0":{"start":{"line":2,"column":0},"end":{"line":11,"column":2}},"1":{"start":{"line":4,"column":15},"end":{"line":4,"column":29}},"2":{"start":{"line":5,"column":12},"end":{"line":5,"column":35}},"3":{"start":{"line":6,"column":2},"end":{"line":10,"column":3}},"4":{"start":{"line":7,"column":1},"end":{"line":7,"column":54}},"5":{"start":{"line":9,"column":1},"end":{"line":9,"column":50}}},"fnMap":{"0":{"name":"(anonymous_0)","decl":{"start":{"line":2,"column":16},"end":{"line":2,"column":17}},"loc":{"start":{"line":2,"column":29},"end":{"line":11,"column":1}},"line":2}},"branchMap":{"0":{"loc":{"start":{"line":5,"column":12},"end":{"line":5,"column":35}},"type":"binary-expr","locations":[{"start":{"line":5,"column":12},"end":{"line":5,"column":23}},{"start":{"line":5,"column":27},"end":{"line":5,"column":35}}],"line":5},"1":{"loc":{"start":{"line":6,"column":2},"end":{"line":10,"column":3}},"type":"if","locations":[{"start":{"line":6,"column":2},"end":{"line":10,"column":3}},{"start":{"line":6,"column":2},"end":{"line":10,"column":3}}],"line":6}},"s":{"0":1,"1":0,"2":0,"3":0,"4":0,"5":0},"f":{"0":0},"b":{"0":[0,0],"1":[0,0]},"_coverageSchema":"43e27e138ebf9cfc5966b082cf9a028302ed4184","hash":"2da5af01c1add11f20090d989d6595583b1d08f7","contentHash":"bb9a1b48a0ceccb80322e2b054f7a39fc2fc81a8ac75c74361261dfc4303cd7e"}
,"G:\\egg-example\\app\\controller\\session.js": {"path":"G:\\egg-example\\app\\controller\\session.js","statementMap":{"0":{"start":{"line":1,"column":19},"end":{"line":1,"column":44}},"1":{"start":{"line":5,"column":4},"end":{"line":5,"column":28}},"2":{"start":{"line":6,"column":4},"end":{"line":6,"column":27}},"3":{"start":{"line":10,"column":0},"end":{"line":10,"column":35}}},"fnMap":{"0":{"name":"(anonymous_0)","decl":{"start":{"line":4,"column":2},"end":{"line":4,"column":3}},"loc":{"start":{"line":4,"column":24},"end":{"line":7,"column":3}},"line":4}},"branchMap":{},"s":{"0":1,"1":0,"2":0,"3":1},"f":{"0":0},"b":{},"_coverageSchema":"43e27e138ebf9cfc5966b082cf9a028302ed4184","hash":"0eae9370675d56142a29011ec6a897a1d8a0f107","contentHash":"7d09a7b775389ae87b0f1fcbc497e2a6da9cee4fb2b7e87fd4bf781120d67b62"}
,"G:\\egg-example\\app\\controller\\upload.js": {"path":"G:\\egg-example\\app\\controller\\upload.js","statementMap":{"0":{"start":{"line":3,"column":19},"end":{"line":3,"column":44}},"1":{"start":{"line":4,"column":11},"end":{"line":4,"column":27}},"2":{"start":{"line":5,"column":13},"end":{"line":5,"column":28}},"3":{"start":{"line":7,"column":0},"end":{"line":54,"column":2}},"4":{"start":{"line":11,"column":20},"end":{"line":11,"column":24}},"5":{"start":{"line":12,"column":17},"end":{"line":12,"column":37}},"6":{"start":{"line":13,"column":17},"end":{"line":13,"column":69}},"7":{"start":{"line":14,"column":4},"end":{"line":14,"column":31}},"8":{"start":{"line":16,"column":4},"end":{"line":22,"column":5}},"9":{"start":{"line":18,"column":6},"end":{"line":18,"column":54}},"10":{"start":{"line":21,"column":6},"end":{"line":21,"column":37}},"11":{"start":{"line":24,"column":4},"end":{"line":28,"column":6}},"12":{"start":{"line":34,"column":20},"end":{"line":34,"column":24}},"13":{"start":{"line":35,"column":4},"end":{"line":35,"column":34}},"14":{"start":{"line":36,"column":4},"end":{"line":36,"column":58}},"15":{"start":{"line":37,"column":4},"end":{"line":52,"column":5}},"16":{"start":{"line":38,"column":6},"end":{"line":38,"column":46}},"17":{"start":{"line":39,"column":6},"end":{"line":39,"column":48}},"18":{"start":{"line":40,"column":6},"end":{"line":40,"column":48}},"19":{"start":{"line":41,"column":6},"end":{"line":41,"column":40}},"20":{"start":{"line":42,"column":6},"end":{"line":42,"column":52}},"21":{"start":{"line":44,"column":6},"end":{"line":50,"column":7}},"22":{"start":{"line":46,"column":8},"end":{"line":46,"column":89}},"23":{"start":{"line":49,"column":8},"end":{"line":49,"column":39}},"24":{"start":{"line":51,"column":6},"end":{"line":51,"column":26}}},"fnMap":{"0":{"name":"(anonymous_0)","decl":{"start":{"line":10,"column":2},"end":{"line":10,"column":3}},"loc":{"start":{"line":10,"column":17},"end":{"line":29,"column":3}},"line":10},"1":{"name":"(anonymous_1)","decl":{"start":{"line":33,"column":2},"end":{"line":33,"column":3}},"loc":{"start":{"line":33,"column":18},"end":{"line":53,"column":3}},"line":33}},"branchMap":{},"s":{"0":1,"1":1,"2":1,"3":1,"4":0,"5":0,"6":0,"7":0,"8":0,"9":0,"10":0,"11":0,"12":0,"13":0,"14":0,"15":0,"16":0,"17":0,"18":0,"19":0,"20":0,"21":0,"22":0,"23":0,"24":0},"f":{"0":0,"1":0},"b":{},"_coverageSchema":"43e27e138ebf9cfc5966b082cf9a028302ed4184","hash":"04f584339d602db7fd90caf7be45a1645edb560b","contentHash":"e5792e5b2b1ac656ee46ff03693d3529e28b8de41087f5885829b7c3b7356776"}
,"G:\\egg-example\\app\\controller\\uploader.js": {"path":"G:\\egg-example\\app\\controller\\uploader.js","statementMap":{"0":{"start":{"line":3,"column":13},"end":{"line":3,"column":28}},"1":{"start":{"line":4,"column":23},"end":{"line":4,"column":49}},"2":{"start":{"line":5,"column":19},"end":{"line":5,"column":44}},"3":{"start":{"line":6,"column":11},"end":{"line":6,"column":27}},"4":{"start":{"line":7,"column":24},"end":{"line":7,"column":58}},"5":{"start":{"line":8,"column":25},"end":{"line":8,"column":60}},"6":{"start":{"line":9,"column":14},"end":{"line":9,"column":30}},"7":{"start":{"line":15,"column":16},"end":{"line":15,"column":24}},"8":{"start":{"line":17,"column":27},"end":{"line":17,"column":47}},"9":{"start":{"line":19,"column":20},"end":{"line":19,"column":56}},"10":{"start":{"line":21,"column":19},"end":{"line":21,"column":44}},"11":{"start":{"line":23,"column":21},"end":{"line":23,"column":109}},"12":{"start":{"line":24,"column":4},"end":{"line":26,"column":5}},"13":{"start":{"line":25,"column":6},"end":{"line":25,"column":74}},"14":{"start":{"line":27,"column":19},"end":{"line":27,"column":81}},"15":{"start":{"line":29,"column":24},"end":{"line":29,"column":52}},"16":{"start":{"line":30,"column":4},"end":{"line":30,"column":46}},"17":{"start":{"line":31,"column":4},"end":{"line":31,"column":48}},"18":{"start":{"line":32,"column":4},"end":{"line":32,"column":48}},"19":{"start":{"line":33,"column":4},"end":{"line":33,"column":64}},"20":{"start":{"line":34,"column":4},"end":{"line":34,"column":40}},"21":{"start":{"line":35,"column":4},"end":{"line":35,"column":48}},"22":{"start":{"line":36,"column":4},"end":{"line":36,"column":52}},"23":{"start":{"line":37,"column":4},"end":{"line":37,"column":44}},"24":{"start":{"line":39,"column":4},"end":{"line":47,"column":5}},"25":{"start":{"line":41,"column":7},"end":{"line":41,"column":56}},"26":{"start":{"line":45,"column":6},"end":{"line":45,"column":35}},"27":{"start":{"line":46,"column":6},"end":{"line":46,"column":16}},"28":{"start":{"line":49,"column":4},"end":{"line":54,"column":6}},"29":{"start":{"line":59,"column":16},"end":{"line":59,"column":24}},"30":{"start":{"line":60,"column":18},"end":{"line":60,"column":33}},"31":{"start":{"line":63,"column":4},"end":{"line":92,"column":5}},"32":{"start":{"line":64,"column":6},"end":{"line":91,"column":7}},"33":{"start":{"line":66,"column":8},"end":{"line":66,"column":41}},"34":{"start":{"line":67,"column":8},"end":{"line":67,"column":41}},"35":{"start":{"line":68,"column":8},"end":{"line":68,"column":50}},"36":{"start":{"line":69,"column":8},"end":{"line":69,"column":54}},"37":{"start":{"line":71,"column":8},"end":{"line":75,"column":9}},"38":{"start":{"line":74,"column":10},"end":{"line":74,"column":17}},"39":{"start":{"line":77,"column":8},"end":{"line":77,"column":48}},"40":{"start":{"line":78,"column":8},"end":{"line":78,"column":50}},"41":{"start":{"line":79,"column":8},"end":{"line":79,"column":50}},"42":{"start":{"line":80,"column":8},"end":{"line":80,"column":42}},"43":{"start":{"line":83,"column":8},"end":{"line":89,"column":9}},"44":{"start":{"line":84,"column":10},"end":{"line":84,"column":82}},"45":{"start":{"line":87,"column":10},"end":{"line":87,"column":37}},"46":{"start":{"line":88,"column":10},"end":{"line":88,"column":20}},"47":{"start":{"line":90,"column":8},"end":{"line":90,"column":28}},"48":{"start":{"line":93,"column":4},"end":{"line":93,"column":53}},"49":{"start":{"line":97,"column":0},"end":{"line":97,"column":36}}},"fnMap":{"0":{"name":"(anonymous_0)","decl":{"start":{"line":14,"column":2},"end":{"line":14,"column":3}},"loc":{"start":{"line":14,"column":17},"end":{"line":55,"column":3}},"line":14},"1":{"name":"(anonymous_1)","decl":{"start":{"line":58,"column":2},"end":{"line":58,"column":3}},"loc":{"start":{"line":58,"column":18},"end":{"line":94,"column":3}},"line":58}},"branchMap":{"0":{"loc":{"start":{"line":24,"column":4},"end":{"line":26,"column":5}},"type":"if","locations":[{"start":{"line":24,"column":4},"end":{"line":26,"column":5}},{"start":{"line":24,"column":4},"end":{"line":26,"column":5}}],"line":24},"1":{"loc":{"start":{"line":64,"column":6},"end":{"line":91,"column":7}},"type":"if","locations":[{"start":{"line":64,"column":6},"end":{"line":91,"column":7}},{"start":{"line":64,"column":6},"end":{"line":91,"column":7}}],"line":64},"2":{"loc":{"start":{"line":71,"column":8},"end":{"line":75,"column":9}},"type":"if","locations":[{"start":{"line":71,"column":8},"end":{"line":75,"column":9}},{"start":{"line":71,"column":8},"end":{"line":75,"column":9}}],"line":71}},"s":{"0":1,"1":1,"2":1,"3":1,"4":1,"5":1,"6":1,"7":0,"8":0,"9":0,"10":0,"11":0,"12":0,"13":0,"14":0,"15":0,"16":0,"17":0,"18":0,"19":0,"20":0,"21":0,"22":0,"23":0,"24":0,"25":0,"26":0,"27":0,"28":0,"29":0,"30":0,"31":0,"32":0,"33":0,"34":0,"35":0,"36":0,"37":0,"38":0,"39":0,"40":0,"41":0,"42":0,"43":0,"44":0,"45":0,"46":0,"47":0,"48":0,"49":1},"f":{"0":0,"1":0},"b":{"0":[0,0],"1":[0,0],"2":[0,0]},"_coverageSchema":"43e27e138ebf9cfc5966b082cf9a028302ed4184","hash":"9836060aa31bbd9bedaec985695e66782eaa8001","contentHash":"6126b9e51ee1e7488e8b417becc77c5cb203ca9035778c04a0cdc657cd7bf090"}
,"G:\\egg-example\\app\\controller\\user.js": {"path":"G:\\egg-example\\app\\controller\\user.js","statementMap":{"0":{"start":{"line":2,"column":19},"end":{"line":2,"column":44}},"1":{"start":{"line":5,"column":19},"end":{"line":16,"column":1}},"2":{"start":{"line":24,"column":16},"end":{"line":24,"column":24}},"3":{"start":{"line":25,"column":15},"end":{"line":25,"column":28}},"4":{"start":{"line":26,"column":17},"end":{"line":26,"column":48}},"5":{"start":{"line":27,"column":4},"end":{"line":27,"column":20}},"6":{"start":{"line":35,"column":16},"end":{"line":35,"column":24}},"7":{"start":{"line":36,"column":4},"end":{"line":36,"column":29}},"8":{"start":{"line":37,"column":21},"end":{"line":37,"column":46}},"9":{"start":{"line":38,"column":21},"end":{"line":38,"column":46}},"10":{"start":{"line":39,"column":19},"end":{"line":39,"column":67}},"11":{"start":{"line":40,"column":4},"end":{"line":45,"column":5}},"12":{"start":{"line":41,"column":6},"end":{"line":41,"column":24}},"13":{"start":{"line":44,"column":6},"end":{"line":44,"column":24}},"14":{"start":{"line":50,"column":16},"end":{"line":50,"column":24}},"15":{"start":{"line":51,"column":4},"end":{"line":57,"column":5}},"16":{"start":{"line":52,"column":6},"end":{"line":52,"column":31}},"17":{"start":{"line":54,"column":6},"end":{"line":54,"column":34}},"18":{"start":{"line":55,"column":6},"end":{"line":55,"column":36}},"19":{"start":{"line":56,"column":6},"end":{"line":56,"column":13}},"20":{"start":{"line":60,"column":17},"end":{"line":60,"column":49}},"21":{"start":{"line":61,"column":4},"end":{"line":61,"column":27}},"22":{"start":{"line":62,"column":4},"end":{"line":62,"column":41}},"23":{"start":{"line":63,"column":4},"end":{"line":63,"column":49}},"24":{"start":{"line":68,"column":16},"end":{"line":68,"column":24}},"25":{"start":{"line":69,"column":15},"end":{"line":69,"column":28}},"26":{"start":{"line":70,"column":17},"end":{"line":70,"column":48}},"27":{"start":{"line":73,"column":4},"end":{"line":73,"column":20}},"28":{"start":{"line":78,"column":0},"end":{"line":78,"column":32}}},"fnMap":{"0":{"name":"(anonymous_0)","decl":{"start":{"line":22,"column":2},"end":{"line":22,"column":3}},"loc":{"start":{"line":22,"column":15},"end":{"line":31,"column":3}},"line":22},"1":{"name":"(anonymous_1)","decl":{"start":{"line":34,"column":2},"end":{"line":34,"column":3}},"loc":{"start":{"line":34,"column":18},"end":{"line":46,"column":3}},"line":34},"2":{"name":"(anonymous_2)","decl":{"start":{"line":49,"column":2},"end":{"line":49,"column":3}},"loc":{"start":{"line":49,"column":15},"end":{"line":64,"column":3}},"line":49},"3":{"name":"(anonymous_3)","decl":{"start":{"line":67,"column":2},"end":{"line":67,"column":3}},"loc":{"start":{"line":67,"column":16},"end":{"line":75,"column":3}},"line":67}},"branchMap":{"0":{"loc":{"start":{"line":40,"column":4},"end":{"line":45,"column":5}},"type":"if","locations":[{"start":{"line":40,"column":4},"end":{"line":45,"column":5}},{"start":{"line":40,"column":4},"end":{"line":45,"column":5}}],"line":40}},"s":{"0":1,"1":1,"2":0,"3":0,"4":0,"5":0,"6":0,"7":0,"8":0,"9":0,"10":0,"11":0,"12":0,"13":0,"14":0,"15":0,"16":0,"17":0,"18":0,"19":0,"20":0,"21":0,"22":0,"23":0,"24":0,"25":0,"26":0,"27":0,"28":1},"f":{"0":0,"1":0,"2":0,"3":0},"b":{"0":[0,0]},"_coverageSchema":"43e27e138ebf9cfc5966b082cf9a028302ed4184","hash":"92eea93dacec3f6ff5f117e98ba37075c201db8f","contentHash":"d71f8f9b91af7af5f71ea97fb81b0500114f73f7805db57d51f0b931988f7a87"}
,"G:\\egg-example\\app\\controller\\view.js": {"path":"G:\\egg-example\\app\\controller\\view.js","statementMap":{"0":{"start":{"line":2,"column":0},"end":{"line":4,"column":2}},"1":{"start":{"line":3,"column":2},"end":{"line":3,"column":42}},"2":{"start":{"line":6,"column":0},"end":{"line":8,"column":2}},"3":{"start":{"line":7,"column":1},"end":{"line":7,"column":38}},"4":{"start":{"line":10,"column":0},"end":{"line":12,"column":2}},"5":{"start":{"line":11,"column":1},"end":{"line":11,"column":39}},"6":{"start":{"line":14,"column":0},"end":{"line":20,"column":2}},"7":{"start":{"line":15,"column":1},"end":{"line":19,"column":3}},"8":{"start":{"line":22,"column":0},"end":{"line":24,"column":2}},"9":{"start":{"line":23,"column":1},"end":{"line":23,"column":42}}},"fnMap":{"0":{"name":"(anonymous_0)","decl":{"start":{"line":2,"column":19},"end":{"line":2,"column":20}},"loc":{"start":{"line":2,"column":32},"end":{"line":4,"column":1}},"line":2},"1":{"name":"(anonymous_1)","decl":{"start":{"line":6,"column":16},"end":{"line":6,"column":17}},"loc":{"start":{"line":6,"column":29},"end":{"line":8,"column":1}},"line":6},"2":{"name":"(anonymous_2)","decl":{"start":{"line":10,"column":21},"end":{"line":10,"column":22}},"loc":{"start":{"line":10,"column":34},"end":{"line":12,"column":1}},"line":10},"3":{"name":"(anonymous_3)","decl":{"start":{"line":14,"column":15},"end":{"line":14,"column":16}},"loc":{"start":{"line":14,"column":28},"end":{"line":20,"column":1}},"line":14},"4":{"name":"(anonymous_4)","decl":{"start":{"line":22,"column":15},"end":{"line":22,"column":16}},"loc":{"start":{"line":22,"column":28},"end":{"line":24,"column":1}},"line":22}},"branchMap":{},"s":{"0":1,"1":0,"2":1,"3":0,"4":1,"5":0,"6":1,"7":0,"8":1,"9":0},"f":{"0":0,"1":0,"2":0,"3":0,"4":0},"b":{},"_coverageSchema":"43e27e138ebf9cfc5966b082cf9a028302ed4184","hash":"ca1b4e781fad4f5290aecbfb5b1ed87baf72c97f","contentHash":"1153d481fb97431cd36906ddb70fa8c5c6f1bf3ff79313f2afb49b10186a871d"}
,"G:\\egg-example\\app\\core\\base_controller.js": {"path":"G:\\egg-example\\app\\core\\base_controller.js","statementMap":{"0":{"start":{"line":2,"column":23},"end":{"line":2,"column":37}},"1":{"start":{"line":5,"column":4},"end":{"line":5,"column":33}},"2":{"start":{"line":9,"column":4},"end":{"line":12,"column":6}},"3":{"start":{"line":16,"column":4},"end":{"line":16,"column":29}},"4":{"start":{"line":17,"column":4},"end":{"line":17,"column":29}},"5":{"start":{"line":21,"column":0},"end":{"line":21,"column":32}}},"fnMap":{"0":{"name":"(anonymous_0)","decl":{"start":{"line":4,"column":2},"end":{"line":4,"column":3}},"loc":{"start":{"line":4,"column":13},"end":{"line":6,"column":3}},"line":4},"1":{"name":"(anonymous_1)","decl":{"start":{"line":8,"column":2},"end":{"line":8,"column":3}},"loc":{"start":{"line":8,"column":16},"end":{"line":13,"column":3}},"line":8},"2":{"name":"(anonymous_2)","decl":{"start":{"line":15,"column":2},"end":{"line":15,"column":3}},"loc":{"start":{"line":15,"column":16},"end":{"line":18,"column":3}},"line":15}},"branchMap":{"0":{"loc":{"start":{"line":16,"column":10},"end":{"line":16,"column":28}},"type":"binary-expr","locations":[{"start":{"line":16,"column":10},"end":{"line":16,"column":13}},{"start":{"line":16,"column":17},"end":{"line":16,"column":28}}],"line":16}},"s":{"0":1,"1":0,"2":0,"3":0,"4":0,"5":1},"f":{"0":0,"1":0,"2":0},"b":{"0":[0,0]},"_coverageSchema":"43e27e138ebf9cfc5966b082cf9a028302ed4184","hash":"a552cafbdc717da2207ef823cc71a9246329202d","contentHash":"c8ac905fca15708255a2ccdef3f99350b22230b83117961a80b9d3505570d48b"}
,"G:\\egg-example\\app\\extend\\application.js": {"path":"G:\\egg-example\\app\\extend\\application.js","statementMap":{"0":{"start":{"line":3,"column":12},"end":{"line":3,"column":37}},"1":{"start":{"line":5,"column":0},"end":{"line":22,"column":2}},"2":{"start":{"line":15,"column":4},"end":{"line":18,"column":5}},"3":{"start":{"line":17,"column":6},"end":{"line":17,"column":50}},"4":{"start":{"line":19,"column":4},"end":{"line":19,"column":21}}},"fnMap":{"0":{"name":"(anonymous_0)","decl":{"start":{"line":8,"column":2},"end":{"line":8,"column":3}},"loc":{"start":{"line":8,"column":13},"end":{"line":10,"column":3}},"line":8},"1":{"name":"(anonymous_1)","decl":{"start":{"line":13,"column":2},"end":{"line":13,"column":3}},"loc":{"start":{"line":13,"column":12},"end":{"line":20,"column":3}},"line":13}},"branchMap":{"0":{"loc":{"start":{"line":15,"column":4},"end":{"line":18,"column":5}},"type":"if","locations":[{"start":{"line":15,"column":4},"end":{"line":18,"column":5}},{"start":{"line":15,"column":4},"end":{"line":18,"column":5}}],"line":15}},"s":{"0":1,"1":1,"2":0,"3":0,"4":0},"f":{"0":0,"1":0},"b":{"0":[0,0]},"_coverageSchema":"43e27e138ebf9cfc5966b082cf9a028302ed4184","hash":"1f636d6ddf3da3f4e3a7dbf668b85bd58ac37e36","contentHash":"fe131ad8ea036b499af8acb1a493d1a40016d34654893571f9e3aaa113da9bd6"}
,"G:\\egg-example\\app\\extend\\context.js": {"path":"G:\\egg-example\\app\\extend\\context.js","statementMap":{"0":{"start":{"line":3,"column":12},"end":{"line":3,"column":33}},"1":{"start":{"line":6,"column":0},"end":{"line":23,"column":2}},"2":{"start":{"line":16,"column":4},"end":{"line":19,"column":5}},"3":{"start":{"line":18,"column":6},"end":{"line":18,"column":36}},"4":{"start":{"line":20,"column":4},"end":{"line":20,"column":21}}},"fnMap":{"0":{"name":"(anonymous_0)","decl":{"start":{"line":9,"column":2},"end":{"line":9,"column":3}},"loc":{"start":{"line":9,"column":13},"end":{"line":11,"column":3}},"line":9},"1":{"name":"(anonymous_1)","decl":{"start":{"line":14,"column":2},"end":{"line":14,"column":3}},"loc":{"start":{"line":14,"column":12},"end":{"line":21,"column":3}},"line":14}},"branchMap":{"0":{"loc":{"start":{"line":16,"column":4},"end":{"line":19,"column":5}},"type":"if","locations":[{"start":{"line":16,"column":4},"end":{"line":19,"column":5}},{"start":{"line":16,"column":4},"end":{"line":19,"column":5}}],"line":16}},"s":{"0":1,"1":1,"2":0,"3":0,"4":0},"f":{"0":0,"1":0},"b":{"0":[0,0]},"_coverageSchema":"43e27e138ebf9cfc5966b082cf9a028302ed4184","hash":"bd375f11454585d2a1d03d61caf261b0637cbf69","contentHash":"cb7b6910fc0e0e5f15710bbb3ce10450bbfc6950fef46a2012f35b02490e2181"}
,"G:\\egg-example\\app\\extend\\helper.js": {"path":"G:\\egg-example\\app\\extend\\helper.js","statementMap":{"0":{"start":{"line":1,"column":15},"end":{"line":1,"column":32}},"1":{"start":{"line":7,"column":0},"end":{"line":16,"column":1}},"2":{"start":{"line":10,"column":2},"end":{"line":10,"column":49}}},"fnMap":{"0":{"name":"(anonymous_0)","decl":{"start":{"line":9,"column":1},"end":{"line":9,"column":2}},"loc":{"start":{"line":9,"column":20},"end":{"line":11,"column":2}},"line":9}},"branchMap":{},"s":{"0":1,"1":1,"2":0},"f":{"0":0},"b":{},"_coverageSchema":"43e27e138ebf9cfc5966b082cf9a028302ed4184","hash":"b43565bf09546d053928fa11a676121817440c51","contentHash":"8eb4706c15e890aacf07dd4954667712d3038554f08f095cb3128cb84862acc7"}
,"G:\\egg-example\\app\\extend\\request.js": {"path":"G:\\egg-example\\app\\extend\\request.js","statementMap":{"0":{"start":{"line":2,"column":0},"end":{"line":6,"column":2}},"1":{"start":{"line":4,"column":4},"end":{"line":4,"column":37}}},"fnMap":{"0":{"name":"(anonymous_0)","decl":{"start":{"line":3,"column":2},"end":{"line":3,"column":3}},"loc":{"start":{"line":3,"column":12},"end":{"line":5,"column":3}},"line":3}},"branchMap":{},"s":{"0":1,"1":0},"f":{"0":0},"b":{},"_coverageSchema":"43e27e138ebf9cfc5966b082cf9a028302ed4184","hash":"b64bf3cf75eb48c796641f4c4b859ee946b1de97","contentHash":"5d5275e22dc85922fb439b2d98f8f9629708e0fadad5c82753ca8d5ecac39ed5"}
,"G:\\egg-example\\app\\extend\\response.js": {"path":"G:\\egg-example\\app\\extend\\response.js","statementMap":{"0":{"start":{"line":2,"column":0},"end":{"line":6,"column":2}},"1":{"start":{"line":4,"column":4},"end":{"line":4,"column":38}}},"fnMap":{"0":{"name":"(anonymous_0)","decl":{"start":{"line":3,"column":2},"end":{"line":3,"column":3}},"loc":{"start":{"line":3,"column":17},"end":{"line":5,"column":3}},"line":3}},"branchMap":{},"s":{"0":1,"1":0},"f":{"0":0},"b":{},"_coverageSchema":"43e27e138ebf9cfc5966b082cf9a028302ed4184","hash":"602ff053e789f053b1faad43a4572911ea8c0035","contentHash":"25b675695d88f0ba3e1dbee55abb0f76ddc5af1513f50a95a5fea6912ccef600"}
,"G:\\egg-example\\app\\middleware\\gzip.js": {"path":"G:\\egg-example\\app\\middleware\\gzip.js","statementMap":{"0":{"start":{"line":2,"column":15},"end":{"line":2,"column":37}},"1":{"start":{"line":3,"column":13},"end":{"line":3,"column":28}},"2":{"start":{"line":5,"column":0},"end":{"line":24,"column":2}},"3":{"start":{"line":6,"column":2},"end":{"line":23,"column":4}},"4":{"start":{"line":7,"column":4},"end":{"line":7,"column":17}},"5":{"start":{"line":10,"column":15},"end":{"line":10,"column":23}},"6":{"start":{"line":11,"column":4},"end":{"line":11,"column":22}},"7":{"start":{"line":11,"column":15},"end":{"line":11,"column":22}},"8":{"start":{"line":14,"column":4},"end":{"line":14,"column":68}},"9":{"start":{"line":14,"column":61},"end":{"line":14,"column":68}},"10":{"start":{"line":16,"column":4},"end":{"line":16,"column":50}},"11":{"start":{"line":16,"column":22},"end":{"line":16,"column":50}},"12":{"start":{"line":19,"column":19},"end":{"line":19,"column":36}},"13":{"start":{"line":20,"column":4},"end":{"line":20,"column":21}},"14":{"start":{"line":21,"column":4},"end":{"line":21,"column":22}},"15":{"start":{"line":22,"column":4},"end":{"line":22,"column":40}}},"fnMap":{"0":{"name":"(anonymous_0)","decl":{"start":{"line":5,"column":17},"end":{"line":5,"column":18}},"loc":{"start":{"line":5,"column":28},"end":{"line":24,"column":1}},"line":5},"1":{"name":"gzip","decl":{"start":{"line":6,"column":24},"end":{"line":6,"column":28}},"loc":{"start":{"line":6,"column":40},"end":{"line":23,"column":3}},"line":6}},"branchMap":{"0":{"loc":{"start":{"line":11,"column":4},"end":{"line":11,"column":22}},"type":"if","locations":[{"start":{"line":11,"column":4},"end":{"line":11,"column":22}},{"start":{"line":11,"column":4},"end":{"line":11,"column":22}}],"line":11},"1":{"loc":{"start":{"line":14,"column":4},"end":{"line":14,"column":68}},"type":"if","locations":[{"start":{"line":14,"column":4},"end":{"line":14,"column":68}},{"start":{"line":14,"column":4},"end":{"line":14,"column":68}}],"line":14},"2":{"loc":{"start":{"line":14,"column":8},"end":{"line":14,"column":59}},"type":"binary-expr","locations":[{"start":{"line":14,"column":8},"end":{"line":14,"column":25}},{"start":{"line":14,"column":29},"end":{"line":14,"column":59}}],"line":14},"3":{"loc":{"start":{"line":16,"column":4},"end":{"line":16,"column":50}},"type":"if","locations":[{"start":{"line":16,"column":4},"end":{"line":16,"column":50}},{"start":{"line":16,"column":4},"end":{"line":16,"column":50}}],"line":16}},"s":{"0":1,"1":1,"2":1,"3":2,"4":0,"5":0,"6":0,"7":0,"8":0,"9":0,"10":0,"11":0,"12":0,"13":0,"14":0,"15":0},"f":{"0":2,"1":0},"b":{"0":[0,0],"1":[0,0],"2":[0,0],"3":[0,0]},"_coverageSchema":"43e27e138ebf9cfc5966b082cf9a028302ed4184","hash":"660e045720e45fcaf171639d659098eb10cda9c3","contentHash":"dbef841a219069c2d5f1edf21f6ee90054f4bf1d64c9bea47c2846e1eac9b078"}
,"G:\\egg-example\\app\\middleware\\lowercase.js": {"path":"G:\\egg-example\\app\\middleware\\lowercase.js","statementMap":{"0":{"start":{"line":2,"column":0},"end":{"line":7,"column":2}},"1":{"start":{"line":3,"column":2},"end":{"line":6,"column":4}},"2":{"start":{"line":4,"column":4},"end":{"line":4,"column":57}},"3":{"start":{"line":5,"column":4},"end":{"line":5,"column":17}}},"fnMap":{"0":{"name":"(anonymous_0)","decl":{"start":{"line":2,"column":17},"end":{"line":2,"column":18}},"loc":{"start":{"line":2,"column":23},"end":{"line":7,"column":1}},"line":2},"1":{"name":"uppercase","decl":{"start":{"line":3,"column":24},"end":{"line":3,"column":33}},"loc":{"start":{"line":3,"column":45},"end":{"line":6,"column":3}},"line":3}},"branchMap":{"0":{"loc":{"start":{"line":4,"column":18},"end":{"line":4,"column":56}},"type":"binary-expr","locations":[{"start":{"line":4,"column":18},"end":{"line":4,"column":29}},{"start":{"line":4,"column":31},"end":{"line":4,"column":56}}],"line":4}},"s":{"0":1,"1":2,"2":0,"3":0},"f":{"0":2,"1":0},"b":{"0":[0,0]},"_coverageSchema":"43e27e138ebf9cfc5966b082cf9a028302ed4184","hash":"20a6652691252298ca8b0d6b29269a4a3903fb60","contentHash":"ce5ae776a8f0b21d2f4fc655b9f52182c900fd24cc710f8a6ba1e00f6d6809cb"}
,"G:\\egg-example\\app\\middleware\\report.js": {"path":"G:\\egg-example\\app\\middleware\\report.js","statementMap":{"0":{"start":{"line":2,"column":0},"end":{"line":10,"column":2}},"1":{"start":{"line":3,"column":2},"end":{"line":9,"column":3}},"2":{"start":{"line":4,"column":22},"end":{"line":4,"column":32}},"3":{"start":{"line":5,"column":4},"end":{"line":5,"column":17}},"4":{"start":{"line":8,"column":4},"end":{"line":8,"column":47}}},"fnMap":{"0":{"name":"(anonymous_0)","decl":{"start":{"line":2,"column":17},"end":{"line":2,"column":18}},"loc":{"start":{"line":2,"column":23},"end":{"line":10,"column":1}},"line":2},"1":{"name":"(anonymous_1)","decl":{"start":{"line":3,"column":9},"end":{"line":3,"column":10}},"loc":{"start":{"line":3,"column":36},"end":{"line":9,"column":3}},"line":3}},"branchMap":{},"s":{"0":1,"1":0,"2":0,"3":0,"4":0},"f":{"0":0,"1":0},"b":{},"_coverageSchema":"43e27e138ebf9cfc5966b082cf9a028302ed4184","hash":"753ea7b67c0779a0fd6226acf647e9682a3fbc42","contentHash":"936e27404a09f19e4d949d8b156464fe3c5bb490961b2ac9e619f79c90c83818"}
,"G:\\egg-example\\app\\middleware\\robot.js": {"path":"G:\\egg-example\\app\\middleware\\robot.js","statementMap":{"0":{"start":{"line":3,"column":0},"end":{"line":14,"column":2}},"1":{"start":{"line":4,"column":2},"end":{"line":13,"column":3}},"2":{"start":{"line":5,"column":19},"end":{"line":5,"column":46}},"3":{"start":{"line":6,"column":18},"end":{"line":6,"column":56}},"4":{"start":{"line":6,"column":40},"end":{"line":6,"column":55}},"5":{"start":{"line":7,"column":4},"end":{"line":12,"column":5}},"6":{"start":{"line":8,"column":6},"end":{"line":8,"column":23}},"7":{"start":{"line":9,"column":6},"end":{"line":9,"column":38}},"8":{"start":{"line":11,"column":6},"end":{"line":11,"column":19}}},"fnMap":{"0":{"name":"(anonymous_0)","decl":{"start":{"line":3,"column":17},"end":{"line":3,"column":18}},"loc":{"start":{"line":3,"column":35},"end":{"line":14,"column":1}},"line":3},"1":{"name":"robotMiddleware","decl":{"start":{"line":4,"column":24},"end":{"line":4,"column":39}},"loc":{"start":{"line":4,"column":51},"end":{"line":13,"column":3}},"line":4},"2":{"name":"(anonymous_2)","decl":{"start":{"line":6,"column":34},"end":{"line":6,"column":35}},"loc":{"start":{"line":6,"column":40},"end":{"line":6,"column":55}},"line":6}},"branchMap":{"0":{"loc":{"start":{"line":5,"column":19},"end":{"line":5,"column":46}},"type":"binary-expr","locations":[{"start":{"line":5,"column":19},"end":{"line":5,"column":40}},{"start":{"line":5,"column":44},"end":{"line":5,"column":46}}],"line":5},"1":{"loc":{"start":{"line":7,"column":4},"end":{"line":12,"column":5}},"type":"if","locations":[{"start":{"line":7,"column":4},"end":{"line":12,"column":5}},{"start":{"line":7,"column":4},"end":{"line":12,"column":5}}],"line":7}},"s":{"0":1,"1":1,"2":1,"3":1,"4":2,"5":1,"6":1,"7":1,"8":0},"f":{"0":1,"1":1,"2":2},"b":{"0":[1,0],"1":[1,0]},"_coverageSchema":"43e27e138ebf9cfc5966b082cf9a028302ed4184","hash":"09b8bd137a0a92982798d8fe205fe9efb4450e8c","contentHash":"8a76c52d90e2f75ee2f4d5b18bb8217876ecdfa868249c43fe8dee83a87a5c23"}
,"G:\\egg-example\\app\\middleware\\uppercase.js": {"path":"G:\\egg-example\\app\\middleware\\uppercase.js","statementMap":{"0":{"start":{"line":2,"column":0},"end":{"line":7,"column":2}},"1":{"start":{"line":3,"column":2},"end":{"line":6,"column":4}},"2":{"start":{"line":4,"column":4},"end":{"line":4,"column":57}},"3":{"start":{"line":5,"column":4},"end":{"line":5,"column":17}}},"fnMap":{"0":{"name":"(anonymous_0)","decl":{"start":{"line":2,"column":17},"end":{"line":2,"column":18}},"loc":{"start":{"line":2,"column":23},"end":{"line":7,"column":1}},"line":2},"1":{"name":"uppercase","decl":{"start":{"line":3,"column":24},"end":{"line":3,"column":33}},"loc":{"start":{"line":3,"column":45},"end":{"line":6,"column":3}},"line":3}},"branchMap":{"0":{"loc":{"start":{"line":4,"column":18},"end":{"line":4,"column":56}},"type":"binary-expr","locations":[{"start":{"line":4,"column":18},"end":{"line":4,"column":29}},{"start":{"line":4,"column":31},"end":{"line":4,"column":56}}],"line":4}},"s":{"0":1,"1":2,"2":0,"3":0},"f":{"0":2,"1":0},"b":{"0":[0,0]},"_coverageSchema":"43e27e138ebf9cfc5966b082cf9a028302ed4184","hash":"967067c0154d707772f9893b0efc08637536e8ca","contentHash":"433a87064d3e9d4a95552022d47dc92efd32c0684ea94d42b07a64ed566bc93e"}
,"G:\\egg-example\\app\\service\\blogs.js": {"path":"G:\\egg-example\\app\\service\\blogs.js","statementMap":{"0":{"start":{"line":2,"column":16},"end":{"line":2,"column":38}},"1":{"start":{"line":8,"column":17},"end":{"line":8,"column":61}},"2":{"start":{"line":9,"column":4},"end":{"line":9,"column":20}},"3":{"start":{"line":14,"column":19},"end":{"line":14,"column":93}},"4":{"start":{"line":16,"column":26},"end":{"line":16,"column":51}},"5":{"start":{"line":17,"column":4},"end":{"line":19,"column":5}},"6":{"start":{"line":18,"column":6},"end":{"line":18,"column":26}},"7":{"start":{"line":21,"column":4},"end":{"line":21,"column":18}},"8":{"start":{"line":26,"column":19},"end":{"line":26,"column":65}},"9":{"start":{"line":28,"column":26},"end":{"line":28,"column":51}},"10":{"start":{"line":29,"column":4},"end":{"line":31,"column":5}},"11":{"start":{"line":30,"column":6},"end":{"line":30,"column":26}},"12":{"start":{"line":33,"column":4},"end":{"line":33,"column":18}},"13":{"start":{"line":38,"column":18},"end":{"line":38,"column":86}},"14":{"start":{"line":40,"column":25},"end":{"line":40,"column":50}},"15":{"start":{"line":41,"column":4},"end":{"line":43,"column":5}},"16":{"start":{"line":42,"column":6},"end":{"line":42,"column":26}},"17":{"start":{"line":45,"column":3},"end":{"line":45,"column":17}},"18":{"start":{"line":50,"column":19},"end":{"line":50,"column":115}},"19":{"start":{"line":52,"column":26},"end":{"line":52,"column":51}},"20":{"start":{"line":53,"column":4},"end":{"line":55,"column":5}},"21":{"start":{"line":54,"column":6},"end":{"line":54,"column":26}},"22":{"start":{"line":57,"column":4},"end":{"line":57,"column":32}},"23":{"start":{"line":63,"column":18},"end":{"line":63,"column":53}},"24":{"start":{"line":64,"column":4},"end":{"line":64,"column":21}},"25":{"start":{"line":69,"column":18},"end":{"line":76,"column":6}},"26":{"start":{"line":77,"column":4},"end":{"line":77,"column":21}},"27":{"start":{"line":80,"column":0},"end":{"line":80,"column":29}}},"fnMap":{"0":{"name":"(anonymous_0)","decl":{"start":{"line":6,"column":2},"end":{"line":6,"column":3}},"loc":{"start":{"line":6,"column":17},"end":{"line":10,"column":3}},"line":6},"1":{"name":"(anonymous_1)","decl":{"start":{"line":12,"column":2},"end":{"line":12,"column":3}},"loc":{"start":{"line":12,"column":33},"end":{"line":22,"column":3}},"line":12},"2":{"name":"(anonymous_2)","decl":{"start":{"line":24,"column":2},"end":{"line":24,"column":3}},"loc":{"start":{"line":24,"column":20},"end":{"line":34,"column":3}},"line":24},"3":{"name":"(anonymous_3)","decl":{"start":{"line":36,"column":2},"end":{"line":36,"column":3}},"loc":{"start":{"line":36,"column":30},"end":{"line":46,"column":3}},"line":36},"4":{"name":"(anonymous_4)","decl":{"start":{"line":48,"column":2},"end":{"line":48,"column":3}},"loc":{"start":{"line":48,"column":20},"end":{"line":58,"column":3}},"line":48},"5":{"name":"(anonymous_5)","decl":{"start":{"line":61,"column":2},"end":{"line":61,"column":3}},"loc":{"start":{"line":61,"column":18},"end":{"line":65,"column":3}},"line":61},"6":{"name":"(anonymous_6)","decl":{"start":{"line":68,"column":2},"end":{"line":68,"column":3}},"loc":{"start":{"line":68,"column":32},"end":{"line":78,"column":3}},"line":68}},"branchMap":{"0":{"loc":{"start":{"line":17,"column":4},"end":{"line":19,"column":5}},"type":"if","locations":[{"start":{"line":17,"column":4},"end":{"line":19,"column":5}},{"start":{"line":17,"column":4},"end":{"line":19,"column":5}}],"line":17},"1":{"loc":{"start":{"line":29,"column":4},"end":{"line":31,"column":5}},"type":"if","locations":[{"start":{"line":29,"column":4},"end":{"line":31,"column":5}},{"start":{"line":29,"column":4},"end":{"line":31,"column":5}}],"line":29},"2":{"loc":{"start":{"line":41,"column":4},"end":{"line":43,"column":5}},"type":"if","locations":[{"start":{"line":41,"column":4},"end":{"line":43,"column":5}},{"start":{"line":41,"column":4},"end":{"line":43,"column":5}}],"line":41},"3":{"loc":{"start":{"line":53,"column":4},"end":{"line":55,"column":5}},"type":"if","locations":[{"start":{"line":53,"column":4},"end":{"line":55,"column":5}},{"start":{"line":53,"column":4},"end":{"line":55,"column":5}}],"line":53}},"s":{"0":1,"1":0,"2":0,"3":0,"4":0,"5":0,"6":0,"7":0,"8":0,"9":0,"10":0,"11":0,"12":0,"13":0,"14":0,"15":0,"16":0,"17":0,"18":0,"19":0,"20":0,"21":0,"22":0,"23":0,"24":0,"25":0,"26":0,"27":1},"f":{"0":0,"1":0,"2":0,"3":0,"4":0,"5":0,"6":0},"b":{"0":[0,0],"1":[0,0],"2":[0,0],"3":[0,0]},"_coverageSchema":"43e27e138ebf9cfc5966b082cf9a028302ed4184","hash":"9976c9366dd20da932514fe4d3d47fceaec639f0","contentHash":"f2efd8a774702e08a03e9026faf2b0aa6ccee2552ddd913aaada4f2459e86652"}
,"G:\\egg-example\\app\\service\\category.js": {"path":"G:\\egg-example\\app\\service\\category.js","statementMap":{"0":{"start":{"line":2,"column":16},"end":{"line":2,"column":38}},"1":{"start":{"line":7,"column":19},"end":{"line":7,"column":90}},"2":{"start":{"line":8,"column":4},"end":{"line":8,"column":18}},"3":{"start":{"line":12,"column":18},"end":{"line":12,"column":68}},"4":{"start":{"line":13,"column":4},"end":{"line":13,"column":18}},"5":{"start":{"line":17,"column":21},"end":{"line":17,"column":98}},"6":{"start":{"line":18,"column":4},"end":{"line":18,"column":24}},"7":{"start":{"line":23,"column":21},"end":{"line":23,"column":65}},"8":{"start":{"line":24,"column":4},"end":{"line":24,"column":24}},"9":{"start":{"line":29,"column":22},"end":{"line":29,"column":61}},"10":{"start":{"line":30,"column":4},"end":{"line":30,"column":25}},"11":{"start":{"line":35,"column":22},"end":{"line":41,"column":6}},"12":{"start":{"line":42,"column":4},"end":{"line":42,"column":25}},"13":{"start":{"line":45,"column":0},"end":{"line":45,"column":33}}},"fnMap":{"0":{"name":"(anonymous_0)","decl":{"start":{"line":6,"column":2},"end":{"line":6,"column":3}},"loc":{"start":{"line":6,"column":26},"end":{"line":9,"column":3}},"line":6},"1":{"name":"(anonymous_1)","decl":{"start":{"line":11,"column":2},"end":{"line":11,"column":3}},"loc":{"start":{"line":11,"column":19},"end":{"line":14,"column":3}},"line":11},"2":{"name":"(anonymous_2)","decl":{"start":{"line":16,"column":2},"end":{"line":16,"column":3}},"loc":{"start":{"line":16,"column":32},"end":{"line":19,"column":3}},"line":16},"3":{"name":"(anonymous_3)","decl":{"start":{"line":21,"column":2},"end":{"line":21,"column":3}},"loc":{"start":{"line":21,"column":17},"end":{"line":25,"column":3}},"line":21},"4":{"name":"(anonymous_4)","decl":{"start":{"line":27,"column":2},"end":{"line":27,"column":3}},"loc":{"start":{"line":27,"column":18},"end":{"line":31,"column":3}},"line":27},"5":{"name":"(anonymous_5)","decl":{"start":{"line":33,"column":2},"end":{"line":33,"column":3}},"loc":{"start":{"line":33,"column":17},"end":{"line":43,"column":3}},"line":33}},"branchMap":{},"s":{"0":1,"1":0,"2":0,"3":0,"4":0,"5":0,"6":0,"7":0,"8":0,"9":0,"10":0,"11":0,"12":0,"13":1},"f":{"0":0,"1":0,"2":0,"3":0,"4":0,"5":0},"b":{},"_coverageSchema":"43e27e138ebf9cfc5966b082cf9a028302ed4184","hash":"b0c20464e53d736786d493ffde03cd6b6579bf75","contentHash":"29154dde5e9a33477aba371f53c4d729a0b3723f62e0ae6f3d456cd9f920b313"}
,"G:\\egg-example\\app\\service\\news.js": {"path":"G:\\egg-example\\app\\service\\news.js","statementMap":{"0":{"start":{"line":2,"column":16},"end":{"line":2,"column":38}},"1":{"start":{"line":7,"column":36},"end":{"line":7,"column":52}},"2":{"start":{"line":10,"column":29},"end":{"line":17,"column":6}},"3":{"start":{"line":20,"column":21},"end":{"line":25,"column":5}},"4":{"start":{"line":22,"column":20},"end":{"line":22,"column":59}},"5":{"start":{"line":23,"column":8},"end":{"line":23,"column":56}},"6":{"start":{"line":26,"column":4},"end":{"line":26,"column":41}},"7":{"start":{"line":26,"column":31},"end":{"line":26,"column":39}},"8":{"start":{"line":30,"column":0},"end":{"line":30,"column":29}}},"fnMap":{"0":{"name":"(anonymous_0)","decl":{"start":{"line":5,"column":2},"end":{"line":5,"column":3}},"loc":{"start":{"line":5,"column":23},"end":{"line":27,"column":3}},"line":5},"1":{"name":"(anonymous_1)","decl":{"start":{"line":21,"column":30},"end":{"line":21,"column":31}},"loc":{"start":{"line":21,"column":37},"end":{"line":24,"column":7}},"line":21},"2":{"name":"(anonymous_2)","decl":{"start":{"line":26,"column":24},"end":{"line":26,"column":25}},"loc":{"start":{"line":26,"column":31},"end":{"line":26,"column":39}},"line":26}},"branchMap":{"0":{"loc":{"start":{"line":5,"column":13},"end":{"line":5,"column":21}},"type":"default-arg","locations":[{"start":{"line":5,"column":20},"end":{"line":5,"column":21}}],"line":5}},"s":{"0":1,"1":0,"2":0,"3":0,"4":0,"5":0,"6":0,"7":0,"8":1},"f":{"0":0,"1":0,"2":0},"b":{"0":[0]},"_coverageSchema":"43e27e138ebf9cfc5966b082cf9a028302ed4184","hash":"847c0d97c26f4be90881ddbeaa506159bb2b924b","contentHash":"4f09f73c26fe7f7ba9cf93c92fe305dd184db82426f5419adb79d9ad6f94a891"}
,"G:\\egg-example\\app\\service\\some.js": {"path":"G:\\egg-example\\app\\service\\some.js","statementMap":{"0":{"start":{"line":2,"column":16},"end":{"line":2,"column":38}},"1":{"start":{"line":6,"column":17},"end":{"line":6,"column":37}},"2":{"start":{"line":10,"column":0},"end":{"line":10,"column":29}}},"fnMap":{"0":{"name":"(anonymous_0)","decl":{"start":{"line":5,"column":2},"end":{"line":5,"column":3}},"loc":{"start":{"line":5,"column":15},"end":{"line":7,"column":3}},"line":5}},"branchMap":{},"s":{"0":1,"1":0,"2":1},"f":{"0":0},"b":{},"_coverageSchema":"43e27e138ebf9cfc5966b082cf9a028302ed4184","hash":"dd442d14779e9ea8c163e81431ed958299b77db9","contentHash":"2520c1048fd45e78942936db1886d2f591269b58b9709f47c2546e955d8b2f73"}
,"G:\\egg-example\\app\\service\\user.js": {"path":"G:\\egg-example\\app\\service\\user.js","statementMap":{"0":{"start":{"line":2,"column":16},"end":{"line":2,"column":38}},"1":{"start":{"line":9,"column":18},"end":{"line":9,"column":94}},"2":{"start":{"line":11,"column":25},"end":{"line":11,"column":50}},"3":{"start":{"line":12,"column":3},"end":{"line":12,"column":23}},"4":{"start":{"line":13,"column":3},"end":{"line":13,"column":24}},"5":{"start":{"line":18,"column":17},"end":{"line":18,"column":61}},"6":{"start":{"line":19,"column":4},"end":{"line":19,"column":20}},"7":{"start":{"line":25,"column":18},"end":{"line":25,"column":54}},"8":{"start":{"line":26,"column":4},"end":{"line":26,"column":21}},"9":{"start":{"line":42,"column":0},"end":{"line":42,"column":29}}},"fnMap":{"0":{"name":"(anonymous_0)","decl":{"start":{"line":7,"column":2},"end":{"line":7,"column":3}},"loc":{"start":{"line":7,"column":34},"end":{"line":14,"column":3}},"line":7},"1":{"name":"(anonymous_1)","decl":{"start":{"line":17,"column":2},"end":{"line":17,"column":3}},"loc":{"start":{"line":17,"column":17},"end":{"line":20,"column":3}},"line":17},"2":{"name":"(anonymous_2)","decl":{"start":{"line":23,"column":2},"end":{"line":23,"column":3}},"loc":{"start":{"line":23,"column":18},"end":{"line":27,"column":3}},"line":23}},"branchMap":{},"s":{"0":1,"1":0,"2":0,"3":0,"4":0,"5":0,"6":0,"7":0,"8":0,"9":1},"f":{"0":0,"1":0,"2":0},"b":{},"_coverageSchema":"43e27e138ebf9cfc5966b082cf9a028302ed4184","hash":"023ee1aeaba4d1de930692f6f4f8c6b30bfe2036","contentHash":"66c97e798ade908d70b78031f10fdaacd6d2359fac7c7170c8c91f8e870b1e76"}
,"G:\\egg-example\\config\\config.default.js": {"path":"G:\\egg-example\\config\\config.default.js","statementMap":{"0":{"start":{"line":1,"column":0},"end":{"line":1,"column":42}},"1":{"start":{"line":4,"column":0},"end":{"line":9,"column":2}},"2":{"start":{"line":12,"column":0},"end":{"line":15,"column":2}},"3":{"start":{"line":18,"column":0},"end":{"line":23,"column":2}},"4":{"start":{"line":25,"column":0},"end":{"line":30,"column":2}},"5":{"start":{"line":32,"column":0},"end":{"line":37,"column":1}},"6":{"start":{"line":39,"column":0},"end":{"line":57,"column":2}},"7":{"start":{"line":61,"column":0},"end":{"line":66,"column":2}},"8":{"start":{"line":76,"column":0},"end":{"line":82,"column":3}},"9":{"start":{"line":100,"column":0},"end":{"line":104,"column":2}},"10":{"start":{"line":107,"column":0},"end":{"line":146,"column":2}},"11":{"start":{"line":154,"column":0},"end":{"line":161,"column":2}},"12":{"start":{"line":163,"column":0},"end":{"line":171,"column":2}}},"fnMap":{},"branchMap":{},"s":{"0":1,"1":1,"2":1,"3":1,"4":1,"5":1,"6":1,"7":1,"8":1,"9":1,"10":1,"11":1,"12":1},"f":{},"b":{},"_coverageSchema":"43e27e138ebf9cfc5966b082cf9a028302ed4184","hash":"ed3335ffe2b141eccdbca702af41e18942da34e1","contentHash":"46ce5bacb192d2187dc4e6556d5d7b06343dbfbe1be0ea3f2c4249b1efd56f0c"}
,"G:\\egg-example\\config\\config.unittest.js": {"path":"G:\\egg-example\\config\\config.unittest.js","statementMap":{},"fnMap":{},"branchMap":{},"s":{},"f":{},"b":{},"_coverageSchema":"43e27e138ebf9cfc5966b082cf9a028302ed4184","hash":"f918083d81f6c8a4480f0658f12e469b5872ff54","contentHash":"34a2f2ecd908767ce22dd1a8436e65c672203a0db3f9f8c314918e25967553fb"}
,"G:\\egg-example\\config\\plugin.js": {"path":"G:\\egg-example\\config\\plugin.js","statementMap":{"0":{"start":{"line":1,"column":0},"end":{"line":4,"column":2}},"1":{"start":{"line":6,"column":0},"end":{"line":9,"column":2}},"2":{"start":{"line":11,"column":0},"end":{"line":14,"column":2}},"3":{"start":{"line":16,"column":0},"end":{"line":19,"column":2}},"4":{"start":{"line":21,"column":0},"end":{"line":24,"column":2}}},"fnMap":{},"branchMap":{},"s":{"0":1,"1":1,"2":1,"3":1,"4":1},"f":{},"b":{},"_coverageSchema":"43e27e138ebf9cfc5966b082cf9a028302ed4184","hash":"d8367b81fb3df191ebeb947db475ab9fc9a10c41","contentHash":"56c92d59b1de927b691ed82995c1bae8242265208e955891eea6747791484edf"}
}
